<?xml version="1.0" encoding="UTF-8"?>
<testng-results ignored="0" total="1" passed="1" failed="0" skipped="0">
  <reporter-output>
  </reporter-output>
  <suite started-at="2020-12-17T05:38:40Z" name="Default suite" finished-at="2020-12-17T05:41:17Z" duration-ms="156832">
    <groups>
    </groups>
    <test started-at="2020-12-17T05:38:40Z" name="Default test" finished-at="2020-12-17T05:41:17Z" duration-ms="156832">
      <class name="com.wordpress.tests.VerifyTcs_LoginPage">
        <test-method signature="checkValidUser()[pri:0, instance:com.wordpress.tests.VerifyTcs_LoginPage@3eb81efb]" started-at="2020-12-17T05:38:40Z" name="checkValidUser" finished-at="2020-12-17T05:41:17Z" duration-ms="156700" status="PASS">
          <reporter-output>
          </reporter-output>
        </test-method> <!-- checkValidUser -->
      </class> <!-- com.wordpress.tests.VerifyTcs_LoginPage -->
    </test> <!-- Default test -->
  </suite> <!-- Default suite -->
</testng-results>
